SF:lib/features/authentication/data/models/auth_login_model.dart
DA:4,1
DA:8,1
DA:13,0
DA:14,0
DA:15,0
DA:16,0
DA:17,0
DA:20,0
DA:21,0
DA:22,0
DA:23,0
DA:24,0
LF:12
LH:2
end_of_record
SF:lib/features/authentication/data/repositories/authentication_repository_impl.dart
DA:16,1
DA:21,0
DA:24,0
DA:28,0
LF:4
LH:1
end_of_record
SF:lib/features/authentication/domain/entities/authentication.dart
DA:8,1
DA:14,0
DA:15,0
DA:16,0
DA:17,0
DA:18,0
LF:6
LH:1
end_of_record
SF:lib/features/authentication/domain/entities/authentication_login_request.dart
DA:7,1
DA:9,0
DA:11,0
LF:3
LH:1
end_of_record
SF:lib/core/error/failure.dart
DA:6,0
DA:7,0
LF:2
LH:0
end_of_record
SF:lib/features/authentication/domain/entities/authentication_register_request.dart
DA:8,0
DA:10,0
DA:12,0
LF:3
LH:0
end_of_record
